C:\USERS\ENMING.ZHANG\DOCUMENTS\VISUAL STUDIO 2010\PROJECTS\BINARY_TREE\BINARY_TREE\DEBUG\BINARY_TREE.EXE.EMBED.MANIFEST
C:\USERS\ENMING.ZHANG\DOCUMENTS\VISUAL STUDIO 2010\PROJECTS\BINARY_TREE\BINARY_TREE\DEBUG\BINARY_TREE.EXE.EMBED.MANIFEST.RES
C:\USERS\ENMING.ZHANG\DOCUMENTS\VISUAL STUDIO 2010\PROJECTS\BINARY_TREE\BINARY_TREE\DEBUG\BINARY_TREE.EXE.INTERMEDIATE.MANIFEST
C:\USERS\ENMING.ZHANG\DOCUMENTS\VISUAL STUDIO 2010\PROJECTS\BINARY_TREE\BINARY_TREE\DEBUG\BINARY_TREE.OBJ
C:\Users\enming.zhang\Documents\Visual Studio 2010\Projects\binary_tree\binary_tree\Debug\binary_tree.write.1.tlog
C:\Users\enming.zhang\Documents\Visual Studio 2010\Projects\binary_tree\binary_tree\Debug\binary_tree_manifest.rc
C:\USERS\ENMING.ZHANG\DOCUMENTS\VISUAL STUDIO 2010\PROJECTS\BINARY_TREE\BINARY_TREE\DEBUG\BINARY_TREE_TRAVERSE.OBJ
C:\Users\enming.zhang\Documents\Visual Studio 2010\Projects\binary_tree\binary_tree\Debug\cl.command.1.tlog
C:\Users\enming.zhang\Documents\Visual Studio 2010\Projects\binary_tree\binary_tree\Debug\CL.read.1.tlog
C:\Users\enming.zhang\Documents\Visual Studio 2010\Projects\binary_tree\binary_tree\Debug\CL.write.1.tlog
C:\Users\enming.zhang\Documents\Visual Studio 2010\Projects\binary_tree\binary_tree\Debug\link.3476.read.1.tlog
C:\Users\enming.zhang\Documents\Visual Studio 2010\Projects\binary_tree\binary_tree\Debug\link.3476.write.1.tlog
C:\Users\enming.zhang\Documents\Visual Studio 2010\Projects\binary_tree\binary_tree\Debug\link.3476-cvtres.read.1.tlog
C:\Users\enming.zhang\Documents\Visual Studio 2010\Projects\binary_tree\binary_tree\Debug\link.3476-cvtres.write.1.tlog
C:\Users\enming.zhang\Documents\Visual Studio 2010\Projects\binary_tree\binary_tree\Debug\link.command.1.tlog
C:\Users\enming.zhang\Documents\Visual Studio 2010\Projects\binary_tree\binary_tree\Debug\link.read.1.tlog
C:\Users\enming.zhang\Documents\Visual Studio 2010\Projects\binary_tree\binary_tree\Debug\link.write.1.tlog
C:\Users\enming.zhang\Documents\Visual Studio 2010\Projects\binary_tree\binary_tree\Debug\link-cvtres.read.1.tlog
C:\Users\enming.zhang\Documents\Visual Studio 2010\Projects\binary_tree\binary_tree\Debug\link-cvtres.write.1.tlog
C:\Users\enming.zhang\Documents\Visual Studio 2010\Projects\binary_tree\binary_tree\Debug\mt.command.1.tlog
C:\Users\enming.zhang\Documents\Visual Studio 2010\Projects\binary_tree\binary_tree\Debug\mt.read.1.tlog
C:\Users\enming.zhang\Documents\Visual Studio 2010\Projects\binary_tree\binary_tree\Debug\mt.write.1.tlog
C:\Users\enming.zhang\Documents\Visual Studio 2010\Projects\binary_tree\binary_tree\Debug\rc.command.1.tlog
C:\Users\enming.zhang\Documents\Visual Studio 2010\Projects\binary_tree\binary_tree\Debug\rc.read.1.tlog
C:\Users\enming.zhang\Documents\Visual Studio 2010\Projects\binary_tree\binary_tree\Debug\rc.write.1.tlog
C:\Users\enming.zhang\Documents\Visual Studio 2010\Projects\binary_tree\binary_tree\Debug\vc100.idb
C:\USERS\ENMING.ZHANG\DOCUMENTS\VISUAL STUDIO 2010\PROJECTS\BINARY_TREE\BINARY_TREE\DEBUG\VC100.PDB
C:\USERS\ENMING.ZHANG\DOCUMENTS\VISUAL STUDIO 2010\PROJECTS\BINARY_TREE\DEBUG\BINARY_TREE.EXE
C:\USERS\ENMING.ZHANG\DOCUMENTS\VISUAL STUDIO 2010\PROJECTS\BINARY_TREE\DEBUG\BINARY_TREE.ILK
C:\USERS\ENMING.ZHANG\DOCUMENTS\VISUAL STUDIO 2010\PROJECTS\BINARY_TREE\DEBUG\BINARY_TREE.PDB
