生成启动时间为 2015/9/10 19:50:11。
     1>项目“C:\Users\enming.zhang\Documents\Visual Studio 2010\Projects\binary_tree\binary_tree\binary_tree.vcxproj”在节点 2 上(build 个目标)。
     1>InitializeBuildStatus:
         正在创建“Debug\binary_tree.unsuccessfulbuild”，因为已指定“AlwaysCreate”。
       ClCompile:
         c:\Program Files (x86)\Microsoft Visual Studio 10.0\VC\bin\CL.exe /c /I"C:\Users\enming.zhang\Documents\Visual Studio 2010\Projects\binary_tree\binary_tree" /ZI /nologo /W3 /WX- /Od /Oy- /D WIN32 /D _DEBUG /D _CONSOLE /D _UNICODE /D UNICODE /Gm /EHsc /RTC1 /MDd /GS /fp:precise /Zc:wchar_t /Zc:forScope /Fo"Debug\\" /Fd"Debug\vc100.pdb" /Gd /TP /analyze- /errorReport:prompt binary_tree.cpp binary_tree_traverse.cpp
         binary_tree_traverse.cpp
         binary_tree.cpp
         正在生成代码...
       ManifestResourceCompile:
         C:\Program Files (x86)\Microsoft SDKs\Windows\v7.0A\bin\rc.exe /nologo /fo"Debug\binary_tree.exe.embed.manifest.res" Debug\binary_tree_manifest.rc 
       Link:
         c:\Program Files (x86)\Microsoft Visual Studio 10.0\VC\bin\link.exe /ERRORREPORT:PROMPT /OUT:"C:\Users\enming.zhang\Documents\Visual Studio 2010\Projects\binary_tree\Debug\binary_tree.exe" /INCREMENTAL /NOLOGO kernel32.lib user32.lib gdi32.lib winspool.lib comdlg32.lib advapi32.lib shell32.lib ole32.lib oleaut32.lib uuid.lib odbc32.lib odbccp32.lib /MANIFEST /ManifestFile:"Debug\binary_tree.exe.intermediate.manifest" /MANIFESTUAC:"level='asInvoker' uiAccess='false'" /DEBUG /PDB:"C:\Users\enming.zhang\Documents\Visual Studio 2010\Projects\binary_tree\Debug\binary_tree.pdb" /SUBSYSTEM:CONSOLE /TLBID:1 /DYNAMICBASE /NXCOMPAT /IMPLIB:"C:\Users\enming.zhang\Documents\Visual Studio 2010\Projects\binary_tree\Debug\binary_tree.lib" /MACHINE:X86 Debug\binary_tree.exe.embed.manifest.res
         Debug\binary_tree.obj
         Debug\binary_tree_traverse.obj
       Manifest:
         C:\Program Files (x86)\Microsoft SDKs\Windows\v7.0A\bin\mt.exe /nologo /verbose /out:"Debug\binary_tree.exe.embed.manifest" /manifest Debug\binary_tree.exe.intermediate.manifest
         C:\Program Files (x86)\Microsoft SDKs\Windows\v7.0A\bin\rc.exe /nologo /fo"Debug\binary_tree.exe.embed.manifest.res" Debug\binary_tree_manifest.rc 
       LinkEmbedManifest:
         c:\Program Files (x86)\Microsoft Visual Studio 10.0\VC\bin\link.exe /ERRORREPORT:PROMPT /OUT:"C:\Users\enming.zhang\Documents\Visual Studio 2010\Projects\binary_tree\Debug\binary_tree.exe" /INCREMENTAL /NOLOGO kernel32.lib user32.lib gdi32.lib winspool.lib comdlg32.lib advapi32.lib shell32.lib ole32.lib oleaut32.lib uuid.lib odbc32.lib odbccp32.lib /MANIFEST /ManifestFile:"Debug\binary_tree.exe.intermediate.manifest" /MANIFESTUAC:"level='asInvoker' uiAccess='false'" /DEBUG /PDB:"C:\Users\enming.zhang\Documents\Visual Studio 2010\Projects\binary_tree\Debug\binary_tree.pdb" /SUBSYSTEM:CONSOLE /TLBID:1 /DYNAMICBASE /NXCOMPAT /IMPLIB:"C:\Users\enming.zhang\Documents\Visual Studio 2010\Projects\binary_tree\Debug\binary_tree.lib" /MACHINE:X86 Debug\binary_tree.exe.embed.manifest.res
         Debug\binary_tree.obj
         Debug\binary_tree_traverse.obj
         binary_tree.vcxproj -> C:\Users\enming.zhang\Documents\Visual Studio 2010\Projects\binary_tree\Debug\binary_tree.exe
       FinalizeBuildStatus:
         正在删除文件“Debug\binary_tree.unsuccessfulbuild”。
         正在对“Debug\binary_tree.lastbuildstate”执行 Touch 任务。
     1>已完成生成项目“C:\Users\enming.zhang\Documents\Visual Studio 2010\Projects\binary_tree\binary_tree\binary_tree.vcxproj”(build 个目标)的操作。

生成成功。

已用时间 00:00:02.44
